17:55:56.185 [main                     ] DEBUG Logger               - Configured Logger
17:55:56.226 [main                     ] DEBUG GameApplication      - Logging settings
Title: From-top
Version: Alpha 1.2.1
Width: 800
Height: 600
Fullscreen: false
Intro: false
Profiling: false
Single step:false
App Mode: DEVELOPER
Menu Key: ESCAPE
Stage Style: DECORATED
Scene Factory: class com.almasb.fxgl.app.scene.SceneFactory

17:55:56.904 [JavaFX Application Thread] DEBUG FXGLApplication      - Initializing FXGL
17:55:56.914 [JavaFX Application Thread] INFO  Engine               - FXGL-17.3 (30.03.2023 11.49) on WINDOWS (J:18.0.2 FX:20)
17:55:56.915 [JavaFX Application Thread] DEBUG Engine               - JRE Vendor Name: Amazon.com Inc.
17:55:56.915 [JavaFX Application Thread] DEBUG Engine               - Running on OS: Windows 11 version 10.0
17:55:56.915 [JavaFX Application Thread] DEBUG Engine               - Architecture: amd64
17:55:56.915 [JavaFX Application Thread] INFO  Engine               - Source code and latest versions at: https://github.com/AlmasB/FXGL
17:55:56.915 [JavaFX Application Thread] INFO  Engine               -       Ask questions and discuss at: https://github.com/AlmasB/FXGL/discussions
17:55:56.915 [JavaFX Application Thread] INFO  Engine               -              Join the FXGL chat at: https://gitter.im/AlmasB/FXGL
17:55:57.112 [JavaFX Application Thread] DEBUG PrimaryStageWindow   - Creating a JavaFX scene
17:55:57.221 [JavaFX Application Thread] DEBUG PrimaryStageWindow   - Target settings size: 800.0 x 600.0
17:55:57.221 [JavaFX Application Thread] DEBUG PrimaryStageWindow   - Scaled scene size:    800.0 x 600.0
17:55:57.221 [JavaFX Application Thread] DEBUG PrimaryStageWindow   - Scaled ratio: (1.0, 1.0)
17:55:57.223 [JavaFX Application Thread] DEBUG PrimaryStageWindow   - Set initial scene to FXGLStartupScene
17:55:57.228 [JavaFX Application Thread] DEBUG PrimaryStageWindow   - Opening main window
17:55:57.375 [JavaFX Application Thread] DEBUG PrimaryStageWindow   - Window border size: (16.0, 39.0)
17:55:57.377 [JavaFX Application Thread] DEBUG PrimaryStageWindow   - Scaled size: 800.0 x 600.0
17:55:57.378 [JavaFX Application Thread] DEBUG PrimaryStageWindow   - Scaled ratio: (1.0, 1.0)
17:55:57.378 [JavaFX Application Thread] DEBUG PrimaryStageWindow   - Scene size: 800.0 x 600.0
17:55:57.379 [JavaFX Application Thread] DEBUG PrimaryStageWindow   - Stage size: 816.0 x 639.0
17:55:57.394 [FXGL Background Thread 1 ] DEBUG Engine               - Initializing environment variables
17:55:57.502 [FXGL Background Thread 1 ] DEBUG FXGLAssetLoaderServi - User app class for loading assets: class Aqua.Game.Main
17:55:57.502 [FXGL Background Thread 1 ] DEBUG GameApplicationServi - Applying CSS: fxgl_dark.css
17:55:57.504 [FXGL Background Thread 1 ] DEBUG FXGLAssetLoaderServi - Loading from file system: jar:file:/C:/Users/HP/.m2/repository/com/github/almasb/fxgl/17.3/fxgl-17.3.jar!/fxglassets/ui/css/fxgl_dark.css
17:55:57.576 [FXGL Background Thread 1 ] DEBUG GameApplicationServi - Initializing application scenes
17:55:57.639 [FXGL Background Thread 1 ] DEBUG GameWorld            - Game world initialized
17:55:57.745 [FXGL Background Thread 1 ] DEBUG PhysicsWorld         - Physics world initialized: appHeight=600, physics.ppm=50,0
17:55:57.746 [FXGL Background Thread 1 ] DEBUG PhysicsWorld         - Using strategy: BRUTE_FORCE
17:55:57.752 [FXGL Background Thread 1 ] DEBUG GameScene            - Game scene initialized: 800x600
17:55:57.773 [FXGL Background Thread 1 ] DEBUG FXGL.DefaultMenu     - createMenuBodyGameMenu()
17:55:57.800 [FXGL Background Thread 1 ] DEBUG FXGL.DefaultMenu     - createOptionsMenu()
17:55:57.820 [FXGL Background Thread 1 ] DEBUG FXGLAssetLoaderServi - Loading from file system: jar:file:/C:/Users/HP/.m2/repository/com/github/almasb/fxgl/17.3/fxgl-17.3.jar!/fxglassets/textures/particles/smoke.png
17:55:57.989 [FXGL Background Thread 1 ] DEBUG FXGLAssetLoaderServi - Loading from file system: jar:file:/C:/Users/HP/.m2/repository/com/github/almasb/fxgl/17.3/fxgl-17.3.jar!/fxglassets/textures/particles/trace_horizontal.png
17:55:58.035 [FXGL Background Thread 1 ] DEBUG GameApplicationServi - Application scenes initialized
17:55:58.065 [FXGL Background Thread 1 ] DEBUG SystemBundleService  - Loading FXGL system data
17:55:58.074 [FXGL Background Thread 1 ] DEBUG FileSystemAccess     - Reading from: C:\Users\HP\Desktop\projectos\ParkStats2d\system\fxgl.bundle
17:55:58.089 [FXGL Background Thread 1 ] DEBUG SystemBundleService  - Bundle FXGL: {}
17:55:58.090 [FXGL Background Thread 1 ] DEBUG UpdaterService       - Checking for updates
17:55:58.100 [FXGL Background Thread 1 ] DEBUG FXGLApplication      - Loading default localization
17:55:58.101 [FXGL Background Thread 4 ] DEBUG FXGLApplication      - Loading fonts
17:55:58.101 [FXGL Background Thread 1 ] DEBUG FXGLAssetLoaderServi - Loading from file system: jar:file:/C:/Users/HP/.m2/repository/com/github/almasb/fxgl/17.3/fxgl-17.3.jar!/fxglassets/languages/english.lang
17:55:58.102 [FXGL Background Thread 4 ] DEBUG FXGLAssetLoaderServi - Loading from file system: jar:file:/C:/Users/HP/.m2/repository/com/github/almasb/fxgl/17.3/fxgl-17.3.jar!/fxglassets/ui/fonts/VarelaRound-Regular.ttf
17:55:58.133 [FXGL Background Thread 1 ] INFO  FXGLApplication      - FXGL initialization took: 0,740 sec
17:55:58.149 [JavaFX Application Thread] DEBUG Input                - Registered new binding: Up - W
17:55:58.150 [JavaFX Application Thread] DEBUG Input                - Registered new binding: Down - S
17:55:58.150 [JavaFX Application Thread] DEBUG Input                - Registered new binding: Left - A
17:55:58.150 [JavaFX Application Thread] DEBUG Input                - Registered new binding: Right - D
17:55:58.151 [JavaFX Application Thread] WARN  FXGLAssetLoaderServi - Asset "/assets/textures/images/icon.png" was not found!
17:55:58.152 [JavaFX Application Thread] WARN  FXGLAssetLoaderServi - Failed to load IMAGE
17:55:58.182 [JavaFX Application Thread] DEBUG FXGLAssetLoaderServi - Loading from file system: jar:file:/C:/Users/HP/.m2/repository/com/github/almasb/fxgl/17.3/fxgl-17.3.jar!/fxglassets/textures/fxgl_default_cursor.png
17:55:58.186 [JavaFX Application Thread] DEBUG Input                - Registered new binding: Screenshot - CTRL+8
17:55:58.187 [JavaFX Application Thread] DEBUG Input                - Registered new binding: System info dump - CTRL+9
17:55:58.188 [JavaFX Application Thread] DEBUG Input                - Registered new binding: Restart - CTRL+R
17:55:58.189 [JavaFX Application Thread] DEBUG Input                - Registered new binding: Toggle Debug Camera - CTRL+7
17:55:58.195 [JavaFX Application Thread] DEBUG LoopRunner           - Starting loop
17:55:58.195 [JavaFX Application Thread] DEBUG LoopRunner           - Initializing JavaFX AnimationTimerLoop
17:55:58.198 [JavaFX Application Thread] DEBUG GameApplicationServi - Starting new game
17:55:58.199 [JavaFX Application Thread] DEBUG Input                - Clearing active input actions
17:55:58.217 [JavaFX Application Thread] DEBUG GameApplicationServi - Removing overlay from FXGLStartupScene and adding to FXGLLoadingScene
17:55:58.218 [JavaFX Application Thread] DEBUG PrimaryStageWindow   - FXGLStartupScene -> FXGLLoadingScene
17:55:58.218 [JavaFX Application Thread] DEBUG GameApplicationServi - Clearing previous game
17:55:58.218 [JavaFX Application Thread] DEBUG GameScene            - Clearing game scene
17:55:58.218 [JavaFX Application Thread] DEBUG GameWorld            - Clearing game world
17:55:58.219 [JavaFX Application Thread] DEBUG PhysicsWorld         - Clearing physics world
17:55:58.221 [FXGL Background Thread 1 ] DEBUG FXGLApplication      - Initializing game
17:55:58.242 [FXGL Background Thread 1 ] INFO  FXGLApplication      - Game initialization took: 0,020 sec
17:55:58.299 [JavaFX Application Thread] DEBUG Input                - Clearing active input actions
17:55:58.305 [JavaFX Application Thread] DEBUG GameApplicationServi - Removing overlay from FXGLLoadingScene and adding to GameScene
17:55:58.306 [JavaFX Application Thread] DEBUG PrimaryStageWindow   - FXGLLoadingScene -> GameScene
17:55:58.581 [FXGL Background Thread 4 ] DEBUG FXGLAssetLoaderServi - Loading from file system: jar:file:/C:/Users/HP/.m2/repository/com/github/almasb/fxgl/17.3/fxgl-17.3.jar!/fxglassets/ui/fonts/Abel-Regular.ttf
17:55:58.614 [FXGL Background Thread 4 ] DEBUG FXGLAssetLoaderServi - Loading from file system: jar:file:/C:/Users/HP/.m2/repository/com/github/almasb/fxgl/17.3/fxgl-17.3.jar!/fxglassets/ui/fonts/TerminalLandMono-Regular.otf
17:55:58.638 [FXGL Background Thread 4 ] DEBUG FXGLAssetLoaderServi - Loading from file system: jar:file:/C:/Users/HP/.m2/repository/com/github/almasb/fxgl/17.3/fxgl-17.3.jar!/fxglassets/ui/fonts/Courier-Prime.ttf
17:55:58.655 [JavaFX Application Thread] DEBUG FXGLApplication      - Registering font factories with UI factory
17:55:59.052 [FXGL Background Thread 2 ] INFO  UpdaterService       - Your current version:  17.3
17:55:59.052 [FXGL Background Thread 2 ] INFO  UpdaterService       - Latest stable version: 21.1
17:55:59.185 [JavaFX Application Thread] DEBUG FXGLApplication      - Exiting FXGL
17:55:59.185 [JavaFX Application Thread] DEBUG LoopRunner           - Stopping loop
17:55:59.185 [JavaFX Application Thread] DEBUG SystemBundleService  - Saving FXGL system data
17:55:59.187 [JavaFX Application Thread] DEBUG FileSystemAccess     - Writing to: C:\Users\HP\Desktop\projectos\ParkStats2d\system\fxgl.bundle
17:55:59.189 [JavaFX Application Thread] DEBUG Async                - Shutting down background threads
17:55:59.190 [JavaFX Application Thread] DEBUG PrimaryStageWindow   - Closing main window
17:55:59.205 [JavaFX Application Thread] DEBUG Logger               - Closing Logger
